{"uuid":"195a35fd-a599-4aa1-a7d5-282b16c01012","historyId":"3230c22f4745308bccb9e91cf60b4433","fullName":"Test DataStructure  page: The user is able run code in tryEditor","labels":[{"name":"tag","value":"DataStructureTest"},{"name":"tag","value":"Tag"},{"name":"host","value":"suba-pc"},{"name":"thread","value":"7104@suba-pc.main(1)"},{"name":"feature","value":"Test DataStructure  page"},{"name":"story","value":"The user is able run code in tryEditor"},{"name":"suite","value":"Test DataStructure  page"},{"name":"testClass","value":"The user is able run code in tryEditor"},{"name":"framework","value":"cucumber4jvm"},{"name":"language","value":"java"},{"name":"gherkin_uri","value":"file:///C:/Users/subas/eclipse-workspace-new/ADsAlgo_Final/src/test/resources/Features/EDataStructurePage.feature"},{"name":"package","value":"src.test.resources.Features.EDataStructurePage_feature.Test DataStructure  page"}],"links":[],"name":"The user is able run code in tryEditor","status":"failed","statusDetails":{"known":false,"muted":false,"flaky":false,"message":"expected [null] but found [NameError: name 'prin' is not defined on line 1]","trace":"java.lang.AssertionError: expected [null] but found [NameError: name 'prin' is not defined on line 1]\r\n\tat org.testng.Assert.fail(Assert.java:99)\r\n\tat org.testng.Assert.failNotEquals(Assert.java:1037)\r\n\tat org.testng.Assert.assertEqualsImpl(Assert.java:140)\r\n\tat org.testng.Assert.assertEquals(Assert.java:122)\r\n\tat org.testng.Assert.assertEquals(Assert.java:629)\r\n\tat org.testng.Assert.assertEquals(Assert.java:639)\r\n\tat dsAlgo_StepDefinition.EDataStructurePage_SD.the_user_should_be_presented_with_error_message_for_ds(EDataStructurePage_SD.java:90)\r\n\tat ✽.The user should be presented with error message for DS(file:///C:/Users/subas/eclipse-workspace-new/ADsAlgo_Final/src/test/resources/Features/EDataStructurePage.feature:26)\r\n"},"stage":"finished","steps":[{"name":"Given  The user is in a \"Time Complexity\" page having an tryEditor with a Run button to test for DS","status":"passed","statusDetails":{"known":false,"muted":false,"flaky":false},"stage":"finished","steps":[],"attachments":[],"parameters":[],"start":1689486804552,"stop":1689486804963},{"name":"When  The user enter python DS code with invalid syntax in tryEditor from sheet \"pythoncode\" and 1","status":"passed","statusDetails":{"known":false,"muted":false,"flaky":false},"stage":"finished","steps":[],"attachments":[],"parameters":[],"start":1689486804963,"stop":1689486807963},{"name":"And  The user clicks on run button for DS","status":"passed","statusDetails":{"known":false,"muted":false,"flaky":false},"stage":"finished","steps":[],"attachments":[],"parameters":[],"start":1689486807964,"stop":1689486808019},{"name":"Then  The user should be presented with error message for DS","status":"failed","statusDetails":{"known":false,"muted":false,"flaky":false,"message":"expected [null] but found [NameError: name 'prin' is not defined on line 1]","trace":"java.lang.AssertionError: expected [null] but found [NameError: name 'prin' is not defined on line 1]\r\n\tat org.testng.Assert.fail(Assert.java:99)\r\n\tat org.testng.Assert.failNotEquals(Assert.java:1037)\r\n\tat org.testng.Assert.assertEqualsImpl(Assert.java:140)\r\n\tat org.testng.Assert.assertEquals(Assert.java:122)\r\n\tat org.testng.Assert.assertEquals(Assert.java:629)\r\n\tat org.testng.Assert.assertEquals(Assert.java:639)\r\n\tat dsAlgo_StepDefinition.EDataStructurePage_SD.the_user_should_be_presented_with_error_message_for_ds(EDataStructurePage_SD.java:90)\r\n\tat ✽.The user should be presented with error message for DS(file:///C:/Users/subas/eclipse-workspace-new/ADsAlgo_Final/src/test/resources/Features/EDataStructurePage.feature:26)\r\n"},"stage":"finished","steps":[],"attachments":[],"parameters":[],"start":1689486808020,"stop":1689486808036}],"attachments":[],"parameters":[{"name":"options","value":"Time Complexity"},{"name":"Sheetname","value":"pythoncode"},{"name":"RowNumber","value":"1"}],"start":1689486804552,"stop":1689486808212}