{"uuid":"26bcf710-5243-4d08-92fb-80b9ea75052b","historyId":"9547fcc34a930817ecc0d4abdde710db","fullName":"Test DataStructure  page: The user is able run code in tryEditor","labels":[{"name":"tag","value":"DataStructureTest"},{"name":"host","value":"suba-pc"},{"name":"thread","value":"12152@suba-pc.main(1)"},{"name":"feature","value":"Test DataStructure  page"},{"name":"story","value":"The user is able run code in tryEditor"},{"name":"suite","value":"Test DataStructure  page"},{"name":"testClass","value":"The user is able run code in tryEditor"},{"name":"framework","value":"cucumber4jvm"},{"name":"language","value":"java"},{"name":"gherkin_uri","value":"file:///C:/Users/subas/eclipse-workspace-new/ADsAlgo_Final/src/test/resources/Features/EDataStructurePage.feature"},{"name":"package","value":"src.test.resources.Features.EDataStructurePage_feature.Test DataStructure  page"}],"links":[],"name":"The user is able run code in tryEditor","status":"broken","statusDetails":{"known":false,"muted":false,"flaky":false,"message":"Keys to send should be a not null CharSequence","trace":"java.lang.IllegalArgumentException: Keys to send should be a not null CharSequence\r\n\tat org.openqa.selenium.remote.RemoteWebElement.sendKeys(RemoteWebElement.java:98)\r\n\tat jdk.internal.reflect.GeneratedMethodAccessor201.invoke(Unknown Source)\r\n\tat java.base/jdk.internal.reflect.DelegatingMethodAccessorImpl.invoke(DelegatingMethodAccessorImpl.java:43)\r\n\tat java.base/java.lang.reflect.Method.invoke(Method.java:568)\r\n\tat org.openqa.selenium.support.pagefactory.internal.LocatingElementHandler.invoke(LocatingElementHandler.java:52)\r\n\tat jdk.proxy2/jdk.proxy2.$Proxy44.sendKeys(Unknown Source)\r\n\tat dsAlgo_PageObject.EDataStructurePage.enter_code(EDataStructurePage.java:46)\r\n\tat dsAlgo_StepDefinition.EDataStructurePage_SD.the_user_enter_valid_python_ds_code_in_try_editor_from_sheet_and(EDataStructurePage_SD.java:64)\r\n\tat ✽.The user enter valid python DS code in tryEditor from sheet \"pythoncode\" and 0(file:///C:/Users/subas/eclipse-workspace-new/ADsAlgo_Final/src/test/resources/Features/EDataStructurePage.feature:14)\r\n"},"stage":"finished","steps":[{"name":"Given  The user is in a \"Time Complexity\" page having an tryEditor with a Run button to test for DS","status":"passed","statusDetails":{"known":false,"muted":false,"flaky":false},"stage":"finished","steps":[],"attachments":[],"parameters":[],"start":1689485937015,"stop":1689485937876},{"name":"When  The user enter valid python DS code in tryEditor from sheet \"pythoncode\" and 0","status":"broken","statusDetails":{"known":false,"muted":false,"flaky":false,"message":"Keys to send should be a not null CharSequence","trace":"java.lang.IllegalArgumentException: Keys to send should be a not null CharSequence\r\n\tat org.openqa.selenium.remote.RemoteWebElement.sendKeys(RemoteWebElement.java:98)\r\n\tat jdk.internal.reflect.GeneratedMethodAccessor201.invoke(Unknown Source)\r\n\tat java.base/jdk.internal.reflect.DelegatingMethodAccessorImpl.invoke(DelegatingMethodAccessorImpl.java:43)\r\n\tat java.base/java.lang.reflect.Method.invoke(Method.java:568)\r\n\tat org.openqa.selenium.support.pagefactory.internal.LocatingElementHandler.invoke(LocatingElementHandler.java:52)\r\n\tat jdk.proxy2/jdk.proxy2.$Proxy44.sendKeys(Unknown Source)\r\n\tat dsAlgo_PageObject.EDataStructurePage.enter_code(EDataStructurePage.java:46)\r\n\tat dsAlgo_StepDefinition.EDataStructurePage_SD.the_user_enter_valid_python_ds_code_in_try_editor_from_sheet_and(EDataStructurePage_SD.java:64)\r\n\tat ✽.The user enter valid python DS code in tryEditor from sheet \"pythoncode\" and 0(file:///C:/Users/subas/eclipse-workspace-new/ADsAlgo_Final/src/test/resources/Features/EDataStructurePage.feature:14)\r\n"},"stage":"finished","steps":[],"attachments":[],"parameters":[],"start":1689485937876,"stop":1689485939941},{"name":"And  The user clicks on run button for DS","status":"skipped","statusDetails":{"known":false,"muted":false,"flaky":false},"stage":"finished","steps":[],"attachments":[],"parameters":[],"start":1689485939944,"stop":1689485939944},{"name":"Then  The user should be presented with Run result for DS","status":"skipped","statusDetails":{"known":false,"muted":false,"flaky":false},"stage":"finished","steps":[],"attachments":[],"parameters":[],"start":1689485939945,"stop":1689485939945}],"attachments":[],"parameters":[{"name":"options","value":"Time Complexity"},{"name":"Sheetname","value":"pythoncode"},{"name":"RowNumber","value":"0"}],"start":1689485937014,"stop":1689485940076}