{"uuid":"56cc969e-c76d-4f47-87dc-f68f055e7b63","historyId":"d2c716a70e9a0c985b18ecda44b7c01c","fullName":"Test Array page: The user is able run code in tryEditor","labels":[{"name":"tag","value":"ArrayTest"},{"name":"host","value":"suba-pc"},{"name":"thread","value":"15224@suba-pc.main(1)"},{"name":"feature","value":"Test Array page"},{"name":"story","value":"The user is able run code in tryEditor"},{"name":"suite","value":"Test Array page"},{"name":"testClass","value":"The user is able run code in tryEditor"},{"name":"framework","value":"cucumber4jvm"},{"name":"language","value":"java"},{"name":"gherkin_uri","value":"file:///C:/Users/subas/eclipse-workspace-new/ADsAlgo_Final/src/test/resources/Features/FArrayPage.feature"},{"name":"package","value":"src.test.resources.Features.FArrayPage_feature.Test Array page"}],"links":[],"name":"The user is able run code in tryEditor","status":"failed","statusDetails":{"known":false,"muted":false,"flaky":false,"message":"expected [NameError: name 'prin' is not defined on line 1] but found [SyntaxError: bad input on line 1]","trace":"java.lang.AssertionError: expected [NameError: name 'prin' is not defined on line 1] but found [SyntaxError: bad input on line 1]\r\n\tat org.testng.Assert.fail(Assert.java:99)\r\n\tat org.testng.Assert.failNotEquals(Assert.java:1037)\r\n\tat org.testng.Assert.assertEqualsImpl(Assert.java:140)\r\n\tat org.testng.Assert.assertEquals(Assert.java:122)\r\n\tat org.testng.Assert.assertEquals(Assert.java:629)\r\n\tat org.testng.Assert.assertEquals(Assert.java:639)\r\n\tat dsAlgo_StepDefinition.FArrayPage_SD.the_user_should_be_presented_with_error_message(FArrayPage_SD.java:99)\r\n\tat ✽.The user should be presented with error message(file:///C:/Users/subas/eclipse-workspace-new/ADsAlgo_Final/src/test/resources/Features/FArrayPage.feature:43)\r\n"},"stage":"finished","steps":[{"name":"Given  The user is in a \"Arrays in Python\" page having an tryEditor with a Run button to test","status":"passed","statusDetails":{"known":false,"muted":false,"flaky":false},"stage":"finished","steps":[],"attachments":[],"parameters":[],"start":1689488706271,"stop":1689488706797},{"name":"When  The user enter python code with invalid syntax in tryEditor from sheet \"pythoncode\" and 1","status":"passed","statusDetails":{"known":false,"muted":false,"flaky":false},"stage":"finished","steps":[],"attachments":[],"parameters":[],"start":1689488706798,"stop":1689488712987},{"name":"And  The user clicks on run button","status":"passed","statusDetails":{"known":false,"muted":false,"flaky":false},"stage":"finished","steps":[],"attachments":[],"parameters":[],"start":1689488712987,"stop":1689488713027},{"name":"Then  The user should be presented with error message","status":"failed","statusDetails":{"known":false,"muted":false,"flaky":false,"message":"expected [NameError: name 'prin' is not defined on line 1] but found [SyntaxError: bad input on line 1]","trace":"java.lang.AssertionError: expected [NameError: name 'prin' is not defined on line 1] but found [SyntaxError: bad input on line 1]\r\n\tat org.testng.Assert.fail(Assert.java:99)\r\n\tat org.testng.Assert.failNotEquals(Assert.java:1037)\r\n\tat org.testng.Assert.assertEqualsImpl(Assert.java:140)\r\n\tat org.testng.Assert.assertEquals(Assert.java:122)\r\n\tat org.testng.Assert.assertEquals(Assert.java:629)\r\n\tat org.testng.Assert.assertEquals(Assert.java:639)\r\n\tat dsAlgo_StepDefinition.FArrayPage_SD.the_user_should_be_presented_with_error_message(FArrayPage_SD.java:99)\r\n\tat ✽.The user should be presented with error message(file:///C:/Users/subas/eclipse-workspace-new/ADsAlgo_Final/src/test/resources/Features/FArrayPage.feature:43)\r\n"},"stage":"finished","steps":[],"attachments":[],"parameters":[],"start":1689488713027,"stop":1689488713049}],"attachments":[],"parameters":[{"name":"options","value":"Arrays in Python"},{"name":"Sheetname","value":"pythoncode"},{"name":"RowNumber","value":"1"}],"start":1689488706270,"stop":1689488713226}