{"uuid":"5b852a50-58ac-4619-8538-de2b5f67bd32","historyId":"3230c22f4745308bccb9e91cf60b4433","fullName":"Test DataStructure  page: The user is able run code in tryEditor","labels":[{"name":"tag","value":"DataStructureTest"},{"name":"tag","value":"Tag"},{"name":"host","value":"suba-pc"},{"name":"thread","value":"23808@suba-pc.main(1)"},{"name":"feature","value":"Test DataStructure  page"},{"name":"story","value":"The user is able run code in tryEditor"},{"name":"suite","value":"Test DataStructure  page"},{"name":"testClass","value":"The user is able run code in tryEditor"},{"name":"framework","value":"cucumber4jvm"},{"name":"language","value":"java"},{"name":"gherkin_uri","value":"file:///C:/Users/subas/eclipse-workspace-new/ADsAlgo_Final/src/test/resources/Features/EDataStructurePage.feature"},{"name":"package","value":"src.test.resources.Features.EDataStructurePage_feature.Test DataStructure  page"}],"links":[],"name":"The user is able run code in tryEditor","status":"broken","statusDetails":{"known":false,"muted":false,"flaky":false,"message":"Keys to send should be a not null CharSequence","trace":"java.lang.IllegalArgumentException: Keys to send should be a not null CharSequence\r\n\tat org.openqa.selenium.remote.RemoteWebElement.sendKeys(RemoteWebElement.java:98)\r\n\tat jdk.internal.reflect.GeneratedMethodAccessor146.invoke(Unknown Source)\r\n\tat java.base/jdk.internal.reflect.DelegatingMethodAccessorImpl.invoke(DelegatingMethodAccessorImpl.java:43)\r\n\tat java.base/java.lang.reflect.Method.invoke(Method.java:568)\r\n\tat org.openqa.selenium.support.pagefactory.internal.LocatingElementHandler.invoke(LocatingElementHandler.java:52)\r\n\tat jdk.proxy2/jdk.proxy2.$Proxy44.sendKeys(Unknown Source)\r\n\tat dsAlgo_Utilities.PageUtils.entercode(PageUtils.java:58)\r\n\tat dsAlgo_PageObject.EDataStructurePage.enter_code(EDataStructurePage.java:46)\r\n\tat dsAlgo_StepDefinition.EDataStructurePage_SD.the_user_enter_python_ds_code_with_invalid_syntax_in_try_editor_from_sheet_and(EDataStructurePage_SD.java:85)\r\n\tat ✽.The user enter python DS code with invalid syntax in tryEditor from sheet \"pythoncode\" and 1(file:///C:/Users/subas/eclipse-workspace-new/ADsAlgo_Final/src/test/resources/Features/EDataStructurePage.feature:24)\r\n"},"stage":"finished","steps":[{"name":"Given  The user is in a \"Time Complexity\" page having an tryEditor with a Run button to test for DS","status":"passed","statusDetails":{"known":false,"muted":false,"flaky":false},"stage":"finished","steps":[],"attachments":[],"parameters":[],"start":1689486579206,"stop":1689486579654},{"name":"When  The user enter python DS code with invalid syntax in tryEditor from sheet \"pythoncode\" and 1","status":"broken","statusDetails":{"known":false,"muted":false,"flaky":false,"message":"Keys to send should be a not null CharSequence","trace":"java.lang.IllegalArgumentException: Keys to send should be a not null CharSequence\r\n\tat org.openqa.selenium.remote.RemoteWebElement.sendKeys(RemoteWebElement.java:98)\r\n\tat jdk.internal.reflect.GeneratedMethodAccessor146.invoke(Unknown Source)\r\n\tat java.base/jdk.internal.reflect.DelegatingMethodAccessorImpl.invoke(DelegatingMethodAccessorImpl.java:43)\r\n\tat java.base/java.lang.reflect.Method.invoke(Method.java:568)\r\n\tat org.openqa.selenium.support.pagefactory.internal.LocatingElementHandler.invoke(LocatingElementHandler.java:52)\r\n\tat jdk.proxy2/jdk.proxy2.$Proxy44.sendKeys(Unknown Source)\r\n\tat dsAlgo_Utilities.PageUtils.entercode(PageUtils.java:58)\r\n\tat dsAlgo_PageObject.EDataStructurePage.enter_code(EDataStructurePage.java:46)\r\n\tat dsAlgo_StepDefinition.EDataStructurePage_SD.the_user_enter_python_ds_code_with_invalid_syntax_in_try_editor_from_sheet_and(EDataStructurePage_SD.java:85)\r\n\tat ✽.The user enter python DS code with invalid syntax in tryEditor from sheet \"pythoncode\" and 1(file:///C:/Users/subas/eclipse-workspace-new/ADsAlgo_Final/src/test/resources/Features/EDataStructurePage.feature:24)\r\n"},"stage":"finished","steps":[],"attachments":[],"parameters":[],"start":1689486579655,"stop":1689486582614},{"name":"And  The user clicks on run button for DS","status":"skipped","statusDetails":{"known":false,"muted":false,"flaky":false},"stage":"finished","steps":[],"attachments":[],"parameters":[],"start":1689486582616,"stop":1689486582616},{"name":"Then  The user should be presented with error message for DS","status":"skipped","statusDetails":{"known":false,"muted":false,"flaky":false},"stage":"finished","steps":[],"attachments":[],"parameters":[],"start":1689486582616,"stop":1689486582617}],"attachments":[],"parameters":[{"name":"options","value":"Time Complexity"},{"name":"Sheetname","value":"pythoncode"},{"name":"RowNumber","value":"1"}],"start":1689486579205,"stop":1689486582733}