{"uuid":"65adcf0e-7134-4bcc-9e3e-b8a02f3aabb7","historyId":"d6a5f1fb1d2c726e1b6d0091f5e3211d","fullName":"Testing queue page: User checks each of the topics in Graph with invalid python code","labels":[{"name":"tag","value":"QueuePageTest"},{"name":"host","value":"suba-pc"},{"name":"thread","value":"24788@suba-pc.main(1)"},{"name":"feature","value":"Testing queue page"},{"name":"story","value":"User checks each of the topics in Graph with invalid python code"},{"name":"suite","value":"Testing queue page"},{"name":"testClass","value":"User checks each of the topics in Graph with invalid python code"},{"name":"framework","value":"cucumber4jvm"},{"name":"language","value":"java"},{"name":"gherkin_uri","value":"file:///C:/Users/subas/eclipse-workspace-new/ADsAlgo_Final/src/test/resources/Features/IQueuePage.feature"},{"name":"package","value":"src.test.resources.Features.IQueuePage_feature.Testing queue page"}],"links":[],"name":"User checks each of the topics in Graph with invalid python code","status":"failed","statusDetails":{"known":false,"muted":false,"flaky":false,"message":"expected [null] but found [NameError: name 'prin' is not defined on line 1]","trace":"java.lang.AssertionError: expected [null] but found [NameError: name 'prin' is not defined on line 1]\r\n\tat org.testng.Assert.fail(Assert.java:99)\r\n\tat org.testng.Assert.failNotEquals(Assert.java:1037)\r\n\tat org.testng.Assert.assertEqualsImpl(Assert.java:140)\r\n\tat org.testng.Assert.assertEquals(Assert.java:122)\r\n\tat org.testng.Assert.assertEquals(Assert.java:629)\r\n\tat org.testng.Assert.assertEquals(Assert.java:639)\r\n\tat dsAlgo_StepDefinition.KGraphPage_SD.user_should_get_the_erroroutput(KGraphPage_SD.java:89)\r\n\tat ✽.user should get the \"NameError: name 'prin' is not defined on line 1\" on the screen(file:///C:/Users/subas/eclipse-workspace-new/ADsAlgo_Final/src/test/resources/Features/IQueuePage.feature:26)\r\n"},"stage":"finished","steps":[{"name":"Given  user clicks the queue getstart link","status":"passed","statusDetails":{"known":false,"muted":false,"flaky":false},"stage":"finished","steps":[],"attachments":[],"parameters":[],"start":1689496911574,"stop":1689496912170},{"name":"When  The user select all option \"Implementation using array\" and Verifies the tryeditor Page with the Invalid python code for each option  \"pythoncode\" and 1  in the queue page","status":"passed","statusDetails":{"known":false,"muted":false,"flaky":false},"stage":"finished","steps":[],"attachments":[],"parameters":[],"start":1689496912171,"stop":1689496913380},{"name":"Then  user should get the \"NameError: name 'prin' is not defined on line 1\" on the screen","status":"failed","statusDetails":{"known":false,"muted":false,"flaky":false,"message":"expected [null] but found [NameError: name 'prin' is not defined on line 1]","trace":"java.lang.AssertionError: expected [null] but found [NameError: name 'prin' is not defined on line 1]\r\n\tat org.testng.Assert.fail(Assert.java:99)\r\n\tat org.testng.Assert.failNotEquals(Assert.java:1037)\r\n\tat org.testng.Assert.assertEqualsImpl(Assert.java:140)\r\n\tat org.testng.Assert.assertEquals(Assert.java:122)\r\n\tat org.testng.Assert.assertEquals(Assert.java:629)\r\n\tat org.testng.Assert.assertEquals(Assert.java:639)\r\n\tat dsAlgo_StepDefinition.KGraphPage_SD.user_should_get_the_erroroutput(KGraphPage_SD.java:89)\r\n\tat ✽.user should get the \"NameError: name 'prin' is not defined on line 1\" on the screen(file:///C:/Users/subas/eclipse-workspace-new/ADsAlgo_Final/src/test/resources/Features/IQueuePage.feature:26)\r\n"},"stage":"finished","steps":[],"attachments":[],"parameters":[],"start":1689496913381,"stop":1689496913386}],"attachments":[],"parameters":[{"name":"option","value":"Implementation using array"},{"name":"sheetName","value":"pythoncode"},{"name":"Rownumber","value":"1"},{"name":"outputresult","value":"NameError: name 'prin' is not defined on line 1"}],"start":1689496911574,"stop":1689496913749}