{"uuid":"94597a07-3504-40f0-864d-cd9ac108fc31","historyId":"fc09cf12019413ef9d8cdb85c2382890","fullName":"Test Array page: The user is able run code in tryEditor","labels":[{"name":"tag","value":"ArrayTest"},{"name":"host","value":"suba-pc"},{"name":"thread","value":"15224@suba-pc.main(1)"},{"name":"feature","value":"Test Array page"},{"name":"story","value":"The user is able run code in tryEditor"},{"name":"suite","value":"Test Array page"},{"name":"testClass","value":"The user is able run code in tryEditor"},{"name":"framework","value":"cucumber4jvm"},{"name":"language","value":"java"},{"name":"gherkin_uri","value":"file:///C:/Users/subas/eclipse-workspace-new/ADsAlgo_Final/src/test/resources/Features/FArrayPage.feature"},{"name":"package","value":"src.test.resources.Features.FArrayPage_feature.Test Array page"}],"links":[],"name":"The user is able run code in tryEditor","status":"failed","statusDetails":{"known":false,"muted":false,"flaky":false,"message":"expected [NameError: name 'prin' is not defined on line 1] but found [SyntaxError: bad input on line 1]","trace":"java.lang.AssertionError: expected [NameError: name 'prin' is not defined on line 1] but found [SyntaxError: bad input on line 1]\r\n\tat org.testng.Assert.fail(Assert.java:99)\r\n\tat org.testng.Assert.failNotEquals(Assert.java:1037)\r\n\tat org.testng.Assert.assertEqualsImpl(Assert.java:140)\r\n\tat org.testng.Assert.assertEquals(Assert.java:122)\r\n\tat org.testng.Assert.assertEquals(Assert.java:629)\r\n\tat org.testng.Assert.assertEquals(Assert.java:639)\r\n\tat dsAlgo_StepDefinition.FArrayPage_SD.the_user_should_be_presented_with_error_message(FArrayPage_SD.java:99)\r\n\tat ✽.The user should be presented with error message(file:///C:/Users/subas/eclipse-workspace-new/ADsAlgo_Final/src/test/resources/Features/FArrayPage.feature:43)\r\n"},"stage":"finished","steps":[{"name":"Given  The user is in a \"Arrays Using List\" page having an tryEditor with a Run button to test","status":"passed","statusDetails":{"known":false,"muted":false,"flaky":false},"stage":"finished","steps":[],"attachments":[],"parameters":[],"start":1689488713276,"stop":1689488713866},{"name":"When  The user enter python code with invalid syntax in tryEditor from sheet \"pythoncode\" and 1","status":"passed","statusDetails":{"known":false,"muted":false,"flaky":false},"stage":"finished","steps":[],"attachments":[],"parameters":[],"start":1689488713867,"stop":1689488720092},{"name":"And  The user clicks on run button","status":"passed","statusDetails":{"known":false,"muted":false,"flaky":false},"stage":"finished","steps":[],"attachments":[],"parameters":[],"start":1689488720092,"stop":1689488720139},{"name":"Then  The user should be presented with error message","status":"failed","statusDetails":{"known":false,"muted":false,"flaky":false,"message":"expected [NameError: name 'prin' is not defined on line 1] but found [SyntaxError: bad input on line 1]","trace":"java.lang.AssertionError: expected [NameError: name 'prin' is not defined on line 1] but found [SyntaxError: bad input on line 1]\r\n\tat org.testng.Assert.fail(Assert.java:99)\r\n\tat org.testng.Assert.failNotEquals(Assert.java:1037)\r\n\tat org.testng.Assert.assertEqualsImpl(Assert.java:140)\r\n\tat org.testng.Assert.assertEquals(Assert.java:122)\r\n\tat org.testng.Assert.assertEquals(Assert.java:629)\r\n\tat org.testng.Assert.assertEquals(Assert.java:639)\r\n\tat dsAlgo_StepDefinition.FArrayPage_SD.the_user_should_be_presented_with_error_message(FArrayPage_SD.java:99)\r\n\tat ✽.The user should be presented with error message(file:///C:/Users/subas/eclipse-workspace-new/ADsAlgo_Final/src/test/resources/Features/FArrayPage.feature:43)\r\n"},"stage":"finished","steps":[],"attachments":[],"parameters":[],"start":1689488720140,"stop":1689488720158}],"attachments":[],"parameters":[{"name":"options","value":"Arrays Using List"},{"name":"Sheetname","value":"pythoncode"},{"name":"RowNumber","value":"1"}],"start":1689488713276,"stop":1689488720304}