{"uuid":"c77bce38-f690-4eed-a1c7-3250056d4698","historyId":"5cfcd2fa19018ef6d6e1e9fe56d4ec2e","fullName":"user validates the Linked List Page: User checks each of the topics in Graph with invalid python code","labels":[{"name":"tag","value":"LinkedListPage"},{"name":"tag","value":"invalidpythoncode"},{"name":"host","value":"suba-pc"},{"name":"thread","value":"2532@suba-pc.main(1)"},{"name":"feature","value":"user validates the Linked List Page"},{"name":"story","value":"User checks each of the topics in Graph with invalid python code"},{"name":"suite","value":"user validates the Linked List Page"},{"name":"testClass","value":"User checks each of the topics in Graph with invalid python code"},{"name":"framework","value":"cucumber4jvm"},{"name":"language","value":"java"},{"name":"gherkin_uri","value":"file:///C:/Users/subas/eclipse-workspace-new/ADsAlgo_Final/src/test/resources/Features/KGraphPage.feature"},{"name":"package","value":"src.test.resources.Features.KGraphPage_feature.user validates the Linked List Page"}],"links":[],"name":"User checks each of the topics in Graph with invalid python code","status":"failed","statusDetails":{"known":false,"muted":false,"flaky":false,"message":"expected [NameError: name 'prin' is not defined on line 1] but found [null]","trace":"java.lang.AssertionError: expected [NameError: name 'prin' is not defined on line 1] but found [null]\r\n\tat org.testng.Assert.fail(Assert.java:99)\r\n\tat org.testng.Assert.failNotEquals(Assert.java:1037)\r\n\tat org.testng.Assert.assertEqualsImpl(Assert.java:140)\r\n\tat org.testng.Assert.assertEquals(Assert.java:122)\r\n\tat org.testng.Assert.assertEquals(Assert.java:629)\r\n\tat org.testng.Assert.assertEquals(Assert.java:639)\r\n\tat dsAlgo_StepDefinition.KGraphPage_SD.user_should_get_the_erroroutput(KGraphPage_SD.java:89)\r\n\tat ✽.user should get the \"NameError: name 'prin' is not defined on line 1\" on the screen(file:///C:/Users/subas/eclipse-workspace-new/ADsAlgo_Final/src/test/resources/Features/KGraphPage.feature:27)\r\n"},"stage":"finished","steps":[{"name":"Given  user clicks the Graph getstart link","status":"passed","statusDetails":{"known":false,"muted":false,"flaky":false},"stage":"finished","steps":[],"attachments":[],"parameters":[],"start":1689495656270,"stop":1689495656504},{"name":"When  The user select all option \"Graph\" and Verifies the tryeditor Page with the Invalid python code for each option  \"pythoncode\" and 1  in the graph page","status":"passed","statusDetails":{"known":false,"muted":false,"flaky":false},"stage":"finished","steps":[],"attachments":[],"parameters":[],"start":1689495656504,"stop":1689495656972},{"name":"Then  user should get the \"NameError: name 'prin' is not defined on line 1\" on the screen","status":"failed","statusDetails":{"known":false,"muted":false,"flaky":false,"message":"expected [NameError: name 'prin' is not defined on line 1] but found [null]","trace":"java.lang.AssertionError: expected [NameError: name 'prin' is not defined on line 1] but found [null]\r\n\tat org.testng.Assert.fail(Assert.java:99)\r\n\tat org.testng.Assert.failNotEquals(Assert.java:1037)\r\n\tat org.testng.Assert.assertEqualsImpl(Assert.java:140)\r\n\tat org.testng.Assert.assertEquals(Assert.java:122)\r\n\tat org.testng.Assert.assertEquals(Assert.java:629)\r\n\tat org.testng.Assert.assertEquals(Assert.java:639)\r\n\tat dsAlgo_StepDefinition.KGraphPage_SD.user_should_get_the_erroroutput(KGraphPage_SD.java:89)\r\n\tat ✽.user should get the \"NameError: name 'prin' is not defined on line 1\" on the screen(file:///C:/Users/subas/eclipse-workspace-new/ADsAlgo_Final/src/test/resources/Features/KGraphPage.feature:27)\r\n"},"stage":"finished","steps":[],"attachments":[],"parameters":[],"start":1689495656973,"stop":1689495656978}],"attachments":[],"parameters":[{"name":"option","value":"Graph"},{"name":"sheetName","value":"pythoncode"},{"name":"Rownumber","value":"1"},{"name":"erroroutput","value":"NameError: name 'prin' is not defined on line 1"}],"start":1689495656270,"stop":1689495657117}