{"uuid":"d4634338-36cf-4307-8873-124277efc159","historyId":"2400fb60fc072bff629b7b24c0cfefce","fullName":"Testing queue page: User checks each of the topics in Graph with invalid python code","labels":[{"name":"tag","value":"QueuePageTest"},{"name":"host","value":"suba-pc"},{"name":"thread","value":"13492@suba-pc.main(1)"},{"name":"feature","value":"Testing queue page"},{"name":"story","value":"User checks each of the topics in Graph with invalid python code"},{"name":"suite","value":"Testing queue page"},{"name":"testClass","value":"User checks each of the topics in Graph with invalid python code"},{"name":"framework","value":"cucumber4jvm"},{"name":"language","value":"java"},{"name":"gherkin_uri","value":"file:///C:/Users/subas/eclipse-workspace-new/ADsAlgo_Final/src/test/resources/Features/IQueuePage.feature"},{"name":"package","value":"src.test.resources.Features.IQueuePage_feature.Testing queue page"}],"links":[],"name":"User checks each of the topics in Graph with invalid python code","status":"failed","statusDetails":{"known":false,"muted":false,"flaky":false,"message":"expected [null] but found [<erroroutput>]","trace":"java.lang.AssertionError: expected [null] but found [<erroroutput>]\r\n\tat org.testng.Assert.fail(Assert.java:99)\r\n\tat org.testng.Assert.failNotEquals(Assert.java:1037)\r\n\tat org.testng.Assert.assertEqualsImpl(Assert.java:140)\r\n\tat org.testng.Assert.assertEquals(Assert.java:122)\r\n\tat org.testng.Assert.assertEquals(Assert.java:629)\r\n\tat org.testng.Assert.assertEquals(Assert.java:639)\r\n\tat dsAlgo_StepDefinition.KGraphPage_SD.user_should_get_the_erroroutput(KGraphPage_SD.java:89)\r\n\tat ✽.user should get the \"<erroroutput>\" on the screen(file:///C:/Users/subas/eclipse-workspace-new/ADsAlgo_Final/src/test/resources/Features/IQueuePage.feature:26)\r\n"},"stage":"finished","steps":[{"name":"Given  user clicks the queue getstart link","status":"passed","statusDetails":{"known":false,"muted":false,"flaky":false},"stage":"finished","steps":[],"attachments":[],"parameters":[],"start":1689496444038,"stop":1689496444425},{"name":"When  The user select all option \"Implementation using collections.deque\" and Verifies the tryeditor Page with the Invalid python code for each option  \"pythoncode\" and 1  in the queue page","status":"passed","statusDetails":{"known":false,"muted":false,"flaky":false},"stage":"finished","steps":[],"attachments":[],"parameters":[],"start":1689496444426,"stop":1689496445466},{"name":"Then  user should get the \"<erroroutput>\" on the screen","status":"failed","statusDetails":{"known":false,"muted":false,"flaky":false,"message":"expected [null] but found [<erroroutput>]","trace":"java.lang.AssertionError: expected [null] but found [<erroroutput>]\r\n\tat org.testng.Assert.fail(Assert.java:99)\r\n\tat org.testng.Assert.failNotEquals(Assert.java:1037)\r\n\tat org.testng.Assert.assertEqualsImpl(Assert.java:140)\r\n\tat org.testng.Assert.assertEquals(Assert.java:122)\r\n\tat org.testng.Assert.assertEquals(Assert.java:629)\r\n\tat org.testng.Assert.assertEquals(Assert.java:639)\r\n\tat dsAlgo_StepDefinition.KGraphPage_SD.user_should_get_the_erroroutput(KGraphPage_SD.java:89)\r\n\tat ✽.user should get the \"<erroroutput>\" on the screen(file:///C:/Users/subas/eclipse-workspace-new/ADsAlgo_Final/src/test/resources/Features/IQueuePage.feature:26)\r\n"},"stage":"finished","steps":[],"attachments":[],"parameters":[],"start":1689496445467,"stop":1689496445468}],"attachments":[],"parameters":[{"name":"option","value":"Implementation using collections.deque"},{"name":"sheetName","value":"pythoncode"},{"name":"Rownumber","value":"1"},{"name":"outputresult","value":"NameError: name 'prin' is not defined on line 1"}],"start":1689496444038,"stop":1689496445735}