{"uuid":"da424ca1-d234-4029-b488-0a576f282ffb","historyId":"c72f79048499ebae4ca25cc555bb83c2","fullName":"Test Array page: The user is able run code in tryEditor","labels":[{"name":"tag","value":"ArrayTest"},{"name":"host","value":"suba-pc"},{"name":"thread","value":"22444@suba-pc.TestNG-tests-1(16)"},{"name":"feature","value":"Test Array page"},{"name":"story","value":"The user is able run code in tryEditor"},{"name":"suite","value":"Test Array page"},{"name":"testClass","value":"The user is able run code in tryEditor"},{"name":"framework","value":"cucumber4jvm"},{"name":"language","value":"java"},{"name":"gherkin_uri","value":"file:///C:/Users/subas/eclipse-workspace-new/ADsAlgo_Final/src/test/resources/Features/FArrayPage.feature"},{"name":"package","value":"src.test.resources.Features.FArrayPage_feature.Test Array page"}],"links":[],"name":"The user is able run code in tryEditor","status":"failed","statusDetails":{"known":false,"muted":false,"flaky":false,"message":"expected [Hello] but found []","trace":"java.lang.AssertionError: expected [Hello] but found []\r\n\tat org.testng.Assert.fail(Assert.java:99)\r\n\tat org.testng.Assert.failNotEquals(Assert.java:1037)\r\n\tat org.testng.Assert.assertEqualsImpl(Assert.java:140)\r\n\tat org.testng.Assert.assertEquals(Assert.java:122)\r\n\tat org.testng.Assert.assertEquals(Assert.java:629)\r\n\tat org.testng.Assert.assertEquals(Assert.java:639)\r\n\tat dsAlgo_StepDefinition.FArrayPage_SD.the_user_should_be_presented_with_run_result(FArrayPage_SD.java:75)\r\n\tat ✽.The user should be presented with Run result(file:///C:/Users/subas/eclipse-workspace-new/ADsAlgo_Final/src/test/resources/Features/FArrayPage.feature:31)\r\n"},"stage":"finished","steps":[{"name":"Given  The user is in a \"Arrays Using List\" page having an tryEditor with a Run button to test","status":"passed","statusDetails":{"known":false,"muted":false,"flaky":false},"stage":"finished","steps":[],"attachments":[],"parameters":[],"start":1689504703804,"stop":1689504704392},{"name":"When  The user enter valid python code in tryEditor from sheet \"pythoncode\" and 0","status":"passed","statusDetails":{"known":false,"muted":false,"flaky":false},"stage":"finished","steps":[],"attachments":[],"parameters":[],"start":1689504704393,"stop":1689504704450},{"name":"And  The user clicks on run button","status":"passed","statusDetails":{"known":false,"muted":false,"flaky":false},"stage":"finished","steps":[],"attachments":[],"parameters":[],"start":1689504704451,"stop":1689504704518},{"name":"Then  The user should be presented with Run result","status":"failed","statusDetails":{"known":false,"muted":false,"flaky":false,"message":"expected [Hello] but found []","trace":"java.lang.AssertionError: expected [Hello] but found []\r\n\tat org.testng.Assert.fail(Assert.java:99)\r\n\tat org.testng.Assert.failNotEquals(Assert.java:1037)\r\n\tat org.testng.Assert.assertEqualsImpl(Assert.java:140)\r\n\tat org.testng.Assert.assertEquals(Assert.java:122)\r\n\tat org.testng.Assert.assertEquals(Assert.java:629)\r\n\tat org.testng.Assert.assertEquals(Assert.java:639)\r\n\tat dsAlgo_StepDefinition.FArrayPage_SD.the_user_should_be_presented_with_run_result(FArrayPage_SD.java:75)\r\n\tat ✽.The user should be presented with Run result(file:///C:/Users/subas/eclipse-workspace-new/ADsAlgo_Final/src/test/resources/Features/FArrayPage.feature:31)\r\n"},"stage":"finished","steps":[],"attachments":[],"parameters":[],"start":1689504704519,"stop":1689504704545}],"attachments":[],"parameters":[{"name":"options","value":"Arrays Using List"},{"name":"Sheetname","value":"pythoncode"},{"name":"RowNumber","value":"0"}],"start":1689504703804,"stop":1689504704678}